app/manifest-merger-release-report.txt
-- Merging decision tree log ---
manifest
ADDED from AndroidManifest.xml:2:1
	package
		ADDED from AndroidManifest.xml:3:5
		INJECTED from AndroidManifest.xml:0:0
		INJECTED from AndroidManifest.xml:0:0
	android:versionName
		INJECTED from AndroidManifest.xml:0:0
		INJECTED from AndroidManifest.xml:0:0
	xmlns:android
		ADDED from AndroidManifest.xml:2:11
	android:versionCode
		INJECTED from AndroidManifest.xml:0:0
		INJECTED from AndroidManifest.xml:0:0
uses-sdk
ADDED from AndroidManifest.xml:5:5
MERGED from com.android.support:support-v4:23.1.1:20:5
MERGED from GC2016:libArkist:unspecified:7:5
MERGED from GC2016:libFancyCoverFlow:unspecified:23:5
MERGED from GC2016:libSuperToasts:unspecified:7:5
MERGED from GC2016:libFancyCoverFlow:unspecified:23:5
MERGED from GC2016:libSuperToasts:unspecified:7:5
	android:targetSdkVersion
		ADDED from AndroidManifest.xml:7:9
		INJECTED from AndroidManifest.xml:0:0
		INJECTED from AndroidManifest.xml:0:0
	android:minSdkVersion
		ADDED from AndroidManifest.xml:6:9
		INJECTED from AndroidManifest.xml:0:0
		INJECTED from AndroidManifest.xml:0:0
uses-permission#android.permission.INTERNET
ADDED from AndroidManifest.xml:10:5
	android:name
		ADDED from AndroidManifest.xml:10:22
uses-permission#android.permission.WRITE_EXTERNAL_STORAGE
ADDED from AndroidManifest.xml:11:5
	android:name
		ADDED from AndroidManifest.xml:11:22
uses-permission#android.permission.READ_EXTERNAL_STORAGE
ADDED from AndroidManifest.xml:12:5
	android:name
		ADDED from AndroidManifest.xml:12:22
uses-permission#android.permission.ACCESS_NETWORK_STATE
ADDED from AndroidManifest.xml:13:5
	android:name
		ADDED from AndroidManifest.xml:13:22
uses-permission#android.permission.READ_PHONE_STATE
ADDED from AndroidManifest.xml:14:5
	android:name
		ADDED from AndroidManifest.xml:14:22
application
ADDED from AndroidManifest.xml:18:5
MERGED from com.android.support:support-v4:23.1.1:22:5
MERGED from GC2016:libArkist:unspecified:11:5
MERGED from GC2016:libFancyCoverFlow:unspecified:27:5
MERGED from GC2016:libSuperToasts:unspecified:11:5
MERGED from GC2016:libFancyCoverFlow:unspecified:27:5
MERGED from GC2016:libSuperToasts:unspecified:11:5
	android:label
		ADDED from AndroidManifest.xml:25:9
	android:allowClearUserData
		ADDED from AndroidManifest.xml:23:9
	android:hardwareAccelerated
		ADDED from AndroidManifest.xml:19:9
	android:vmSafeMode
		ADDED from AndroidManifest.xml:20:9
	android:allowBackup
		ADDED from AndroidManifest.xml:22:9
	android:icon
		ADDED from AndroidManifest.xml:24:9
	android:largeHeap
		ADDED from AndroidManifest.xml:21:9
	android:theme
		ADDED from AndroidManifest.xml:26:9
activity#com.hkbs.HKBS.CMain
ADDED from AndroidManifest.xml:45:9
	android:screenOrientation
		ADDED from AndroidManifest.xml:49:13
	android:label
		ADDED from AndroidManifest.xml:48:13
	android:configChanges
		ADDED from AndroidManifest.xml:47:13
	android:theme
		ADDED from AndroidManifest.xml:50:13
	android:name
		ADDED from AndroidManifest.xml:46:13
intent-filter#android.intent.action.MAIN+android.intent.category.DEFAULT+android.intent.category.LAUNCHER
ADDED from AndroidManifest.xml:51:13
action#android.intent.action.MAIN
ADDED from AndroidManifest.xml:52:17
	android:name
		ADDED from AndroidManifest.xml:52:25
category#android.intent.category.DEFAULT
ADDED from AndroidManifest.xml:53:17
	android:name
		ADDED from AndroidManifest.xml:53:27
category#android.intent.category.LAUNCHER
ADDED from AndroidManifest.xml:54:17
	android:name
		ADDED from AndroidManifest.xml:54:27
activity#com.hkbs.HKBS.CalendarActivity
ADDED from AndroidManifest.xml:57:9
	android:screenOrientation
		ADDED from AndroidManifest.xml:60:13
	android:configChanges
		ADDED from AndroidManifest.xml:59:13
	android:name
		ADDED from AndroidManifest.xml:58:13
activity#com.hkbs.HKBS.AboutActivity
ADDED from AndroidManifest.xml:62:9
	android:screenOrientation
		ADDED from AndroidManifest.xml:65:13
	android:configChanges
		ADDED from AndroidManifest.xml:64:13
	android:name
		ADDED from AndroidManifest.xml:63:13
activity#com.hkbs.HKBS.SupportActivity
ADDED from AndroidManifest.xml:67:9
	android:screenOrientation
		ADDED from AndroidManifest.xml:70:13
	android:configChanges
		ADDED from AndroidManifest.xml:69:13
	android:name
		ADDED from AndroidManifest.xml:68:13
activity#com.hkbs.HKBS.AlarmActivity
ADDED from AndroidManifest.xml:72:9
	android:screenOrientation
		ADDED from AndroidManifest.xml:75:13
	android:configChanges
		ADDED from AndroidManifest.xml:74:13
	android:name
		ADDED from AndroidManifest.xml:73:13
activity#com.hkbs.HKBS.JustBroadcast
ADDED from AndroidManifest.xml:77:9
	android:name
		ADDED from AndroidManifest.xml:78:13
receiver#com.hkbs.HKBS.MyBroadcast
ADDED from AndroidManifest.xml:91:9
	android:enabled
		ADDED from AndroidManifest.xml:93:13
	android:permission
		ADDED from AndroidManifest.xml:94:13
	android:name
		ADDED from AndroidManifest.xml:92:13
intent-filter#AxAlarm_Alarm+AxAlarm_DateChange+android.appwidget.action.APPWIDGET_UPDATE+android.intent.action.+android.intent.action.ACTION_SHUTDOWN+android.intent.action.BOOT_COMPLETED+android.intent.action.DATE_CHANGED+android.intent.action.PACKAGE_ADDED+android.intent.action.PACKAGE_FIRST_LAUNCH+android.intent.action.PACKAGE_REMOVED+android.intent.action.SCREEN_OFF+android.intent.action.SCREEN_ON+android.intent.action.TIMEZONE_CHANGED+android.intent.action.TIME_SET+android.intent.action.TIME_TICK+com.hkbs.HKBS.WidgetUpdate
ADDED from AndroidManifest.xml:95:13
action#AxAlarm_Alarm
ADDED from AndroidManifest.xml:96:17
	android:name
		ADDED from AndroidManifest.xml:96:25
action#AxAlarm_DateChange
ADDED from AndroidManifest.xml:97:17
	android:name
		ADDED from AndroidManifest.xml:97:25
action#android.appwidget.action.APPWIDGET_UPDATE
ADDED from AndroidManifest.xml:98:17
	android:name
		ADDED from AndroidManifest.xml:98:25
action#android.intent.action.BOOT_COMPLETED
ADDED from AndroidManifest.xml:99:17
	android:name
		ADDED from AndroidManifest.xml:99:25
action#android.intent.action.PACKAGE_ADDED
ADDED from AndroidManifest.xml:100:17
	android:name
		ADDED from AndroidManifest.xml:100:25
action#android.intent.action.PACKAGE_REMOVED
ADDED from AndroidManifest.xml:101:17
	android:name
		ADDED from AndroidManifest.xml:101:25
action#android.intent.action.PACKAGE_FIRST_LAUNCH
ADDED from AndroidManifest.xml:102:17
	android:name
		ADDED from AndroidManifest.xml:102:25
action#android.intent.action.SCREEN_ON
ADDED from AndroidManifest.xml:103:17
	android:name
		ADDED from AndroidManifest.xml:103:25
action#android.intent.action.SCREEN_OFF
ADDED from AndroidManifest.xml:104:17
	android:name
		ADDED from AndroidManifest.xml:104:25
action#android.intent.action.ACTION_SHUTDOWN
ADDED from AndroidManifest.xml:105:17
	android:name
		ADDED from AndroidManifest.xml:105:25
action#android.intent.action.DATE_CHANGED
ADDED from AndroidManifest.xml:106:17
	android:name
		ADDED from AndroidManifest.xml:106:25
action#android.intent.action.TIMEZONE_CHANGED
ADDED from AndroidManifest.xml:107:17
	android:name
		ADDED from AndroidManifest.xml:107:25
action#android.intent.action.TIME_SET
ADDED from AndroidManifest.xml:108:17
	android:name
		ADDED from AndroidManifest.xml:108:25
action#android.intent.action.TIME_TICK
ADDED from AndroidManifest.xml:109:17
	android:name
		ADDED from AndroidManifest.xml:109:25
action#android.intent.action.
ADDED from AndroidManifest.xml:110:17
	android:name
		ADDED from AndroidManifest.xml:110:25
action#com.hkbs.HKBS.WidgetUpdate
ADDED from AndroidManifest.xml:111:17
	android:name
		ADDED from AndroidManifest.xml:111:25
receiver#com.hkbs.HKBS.CWidgetNormal
ADDED from AndroidManifest.xml:125:9
	android:label
		ADDED from AndroidManifest.xml:126:19
	android:name
		ADDED from AndroidManifest.xml:125:19
intent-filter#android.appwidget.action.APPWIDGET_UPDATE+android.intent.action.BOOT_COMPLETED+android.intent.action.DATE_CHANGED+android.intent.action.SCREEN_ON+android.intent.action.TIMEZONE_CHANGED+android.intent.action.TIME_SET+android.intent.action.TIME_TICK
ADDED from AndroidManifest.xml:127:13
meta-data#android.appwidget.provider
ADDED from AndroidManifest.xml:137:13
	android:resource
		ADDED from AndroidManifest.xml:139:17
	android:name
		ADDED from AndroidManifest.xml:138:17
receiver#com.hkbs.HKBS.CWidgetLarge
ADDED from AndroidManifest.xml:141:9
	android:enabled
		ADDED from AndroidManifest.xml:143:19
	android:label
		ADDED from AndroidManifest.xml:142:19
	android:name
		ADDED from AndroidManifest.xml:141:19
receiver#com.hkbs.HKBS.CWidgetSmall
ADDED from AndroidManifest.xml:158:9
	android:enabled
		ADDED from AndroidManifest.xml:160:19
	android:label
		ADDED from AndroidManifest.xml:159:19
	android:name
		ADDED from AndroidManifest.xml:158:19
receiver#com.hkbs.HKBS.CWidgetMiddle
ADDED from AndroidManifest.xml:175:9
	android:enabled
		ADDED from AndroidManifest.xml:177:19
	android:label
		ADDED from AndroidManifest.xml:176:19
	android:name
		ADDED from AndroidManifest.xml:175:19
receiver#com.hkbs.HKBS.CWidgetXLarge
ADDED from AndroidManifest.xml:192:9
	android:enabled
		ADDED from AndroidManifest.xml:194:19
	android:label
		ADDED from AndroidManifest.xml:193:19
	android:name
		ADDED from AndroidManifest.xml:192:19